

Microchip MPLAB XC8 Assembler V2.45 build 20230818022343 
                                                                                               Tue Aug 27 15:09:28 2024

Microchip MPLAB XC8 C Compiler v2.45 (Free license) build 20230818022343 Og1 
     1                           	processor	18F458
     2                           	fnconf	rparam,??,?,0
     3                           	pagewidth 120
     4                           	opt	flic
     5                           	psect	cinit,global,reloc=2,class=CODE,delta=1
     6                           	psect	cstackCOMRAM,global,class=COMRAM,space=1,delta=1,lowdata,noexec
     7                           	psect	text0,global,reloc=2,class=CODE,delta=1
     8                           	psect	smallconst,global,reloc=2,class=SMALLCONST,delta=1,noexec
     9                           	psect	intsave_regs,global,class=BIGRAM,space=1,delta=1,noexec
    10                           	psect	rparam,global,class=COMRAM,space=1,delta=1,noexec
    11   000000                     
    12                           ; Generated 23/03/2023 GMT
    13                           ; 
    14                           ; Copyright © 2023, Microchip Technology Inc. and its subsidiaries ("Microchip")
    15                           ; All rights reserved.
    16                           ; 
    17                           ; This software is developed by Microchip Technology Inc. and its subsidiaries ("Microch
      +                          ip").
    18                           ; 
    19                           ; Redistribution and use in source and binary forms, with or without modification, are
    20                           ; permitted provided that the following conditions are met:
    21                           ; 
    22                           ;     1. Redistributions of source code must retain the above copyright notice, this lis
      +                          t of
    23                           ;        conditions and the following disclaimer.
    24                           ; 
    25                           ;     2. Redistributions in binary form must reproduce the above copyright notice, this 
      +                          list
    26                           ;        of conditions and the following disclaimer in the documentation and/or other
    27                           ;        materials provided with the distribution. Publication is not required when
    28                           ;        this file is used in an embedded application.
    29                           ; 
    30                           ;     3. Microchip's name may not be used to endorse or promote products derived from th
      +                          is
    31                           ;        software without specific prior written permission.
    32                           ; 
    33                           ; THIS SOFTWARE IS PROVIDED BY MICROCHIP "AS IS" AND ANY EXPRESS OR IMPLIED WARRANTIES,
    34                           ; INCLUDING, BUT NOT LIMITED TO, THE IMPLIED WARRANTIES OF MERCHANTABILITY AND FITNESS F
      +                          OR
    35                           ; PURPOSE ARE DISCLAIMED.  IN NO EVENT SHALL MICROCHIP BE LIABLE FOR ANY DIRECT, INDIREC
      +                          T,
    36                           ; INCIDENTAL, SPECIAL, EXEMPLARY, OR CONSEQUENTIAL DAMAGES (INCLUDING BUT NOT LIMITED TO
    37                           ; PROCUREMENT OF SUBSTITUTE GOODS OR SERVICES; LOSS OF USE, DATA OR PROFITS; OR BUSINESS
    38                           ; INTERRUPTION) HOWSOEVER CAUSED AND ON ANY THEORY OF LIABILITY, WHETHER IN CONTRACT, ST
      +                          RICT
    39                           ; LIABILITY, OR TORT (INCLUDING NEGLIGENCE OR OTHERWISE) ARISING IN ANY WAY OUT OF THE U
      +                          SE OF
    40                           ; THIS SOFTWARE, EVEN IF ADVISED OF THE POSSIBILITY OF SUCH DAMAGE.
    41                           ; 
    42                           ; 
    43                           ; Code-generator required, PIC18F458 Definitions
    44                           ; 
    45                           ; SFR Addresses
    46   000000                     _TRISB4	set	31900
    47   000000                     _LATBbits	set	3978
    48   000000                     _TRISB1	set	31897
    49                           
    50                           ; #config settings
    51                           
    52                           	psect	cinit
    53   000602                     __pcinit:
    54                           	callstack 0
    55   000602                     start_initialization:
    56                           	callstack 0
    57   000602                     __initialization:
    58                           	callstack 0
    59   000602                     end_of_initialization:
    60                           	callstack 0
    61   000602                     __end_of__initialization:
    62                           	callstack 0
    63   000602  0100               	movlb	0
    64   000604  EF04  F003         	goto	_main	;jump to C main() function
    65                           
    66                           	psect	cstackCOMRAM
    67   000000                     __pcstackCOMRAM:
    68                           	callstack 0
    69   000000                     
    70                           ; 1 bytes @ 0x0
    71 ;;
    72 ;;Main: autosize = 0, tempsize = 0, incstack = 0, save=0
    73 ;;
    74 ;; *************** function _main *****************
    75 ;; Defined at:
    76 ;;		line 12 in file "tx_main.c"
    77 ;; Parameters:    Size  Location     Type
    78 ;;		None
    79 ;; Auto vars:     Size  Location     Type
    80 ;;		None
    81 ;; Return value:  Size  Location     Type
    82 ;;                  1    wreg      void 
    83 ;; Registers used:
    84 ;;		None
    85 ;; Tracked objects:
    86 ;;		On entry : 0/0
    87 ;;		On exit  : 0/0
    88 ;;		Unchanged: 0/0
    89 ;; Data sizes:     COMRAM   BANK0   BANK1   BANK2   BANK3   BANK4   BANK5
    90 ;;      Params:         0       0       0       0       0       0       0
    91 ;;      Locals:         0       0       0       0       0       0       0
    92 ;;      Temps:          0       0       0       0       0       0       0
    93 ;;      Totals:         0       0       0       0       0       0       0
    94 ;;Total ram usage:        0 bytes
    95 ;; This function calls:
    96 ;;		Nothing
    97 ;; This function is called by:
    98 ;;		Startup code after reset
    99 ;; This function uses a non-reentrant model
   100 ;;
   101                           
   102                           	psect	text0
   103   000608                     __ptext0:
   104                           	callstack 0
   105   000608                     _main:
   106                           	callstack 31
   107   000608  FFFF               	dw	65535	; assembler added errata NOP
   108   00060A  EF01  F000         	goto	start
   109   00060E                     __end_of_main:
   110                           	callstack 0
   111                           
   112                           	psect	smallconst
   113   000600                     __psmallconst:
   114                           	callstack 0
   115   000600  00                 	db	0
   116   000601  00                 	db	0	; dummy byte at the end
   117   000000                     
   118                           	psect	rparam
   119   000000                     tosu	equ	0xFFF
   120                           tosh	equ	0xFFE
   121                           tosl	equ	0xFFD
   122                           stkptr	equ	0xFFC
   123                           pclatu	equ	0xFFB
   124                           pclath	equ	0xFFA
   125                           pcl	equ	0xFF9
   126                           tblptru	equ	0xFF8
   127                           tblptrh	equ	0xFF7
   128                           tblptrl	equ	0xFF6
   129                           tablat	equ	0xFF5
   130                           prodh	equ	0xFF4
   131                           prodl	equ	0xFF3
   132                           indf0	equ	0xFEF
   133                           postinc0	equ	0xFEE
   134                           postdec0	equ	0xFED
   135                           preinc0	equ	0xFEC
   136                           plusw0	equ	0xFEB
   137                           fsr0h	equ	0xFEA
   138                           fsr0l	equ	0xFE9
   139                           wreg	equ	0xFE8
   140                           indf1	equ	0xFE7
   141                           postinc1	equ	0xFE6
   142                           postdec1	equ	0xFE5
   143                           preinc1	equ	0xFE4
   144                           plusw1	equ	0xFE3
   145                           fsr1h	equ	0xFE2
   146                           fsr1l	equ	0xFE1
   147                           bsr	equ	0xFE0
   148                           indf2	equ	0xFDF
   149                           postinc2	equ	0xFDE
   150                           postdec2	equ	0xFDD
   151                           preinc2	equ	0xFDC
   152                           plusw2	equ	0xFDB
   153                           fsr2h	equ	0xFDA
   154                           fsr2l	equ	0xFD9
   155                           status	equ	0xFD8

Data Sizes:
    Strings     0
    Constant    0
    Data        0
    BSS         0
    Persistent  0
    Stack       0

Auto Spaces:
    Space          Size  Autos    Used
    COMRAM           95      0       0
    BANK0           160      0       0
    BANK1           256      0       0
    BANK2           256      0       0
    BANK3           256      0       0
    BANK4           256      0       0
    BANK5           256      0       0

Pointer List with Targets:

    None.

Critical Paths under _main in COMRAM

    None.

Critical Paths under _main in BANK0

    None.

Critical Paths under _main in BANK1

    None.

Critical Paths under _main in BANK2

    None.

Critical Paths under _main in BANK3

    None.

Critical Paths under _main in BANK4

    None.

Critical Paths under _main in BANK5

    None.

Call Graph Tables:

 ---------------------------------------------------------------------------------
 (Depth) Function   	        Calls       Base Space   Used Autos Params    Refs
 ---------------------------------------------------------------------------------
 (0) _main                                                 0     0      0       0
 ---------------------------------------------------------------------------------
 Estimated maximum stack depth 0
 ---------------------------------------------------------------------------------

 Call Graph Graphs:

 _main (ROOT)

 Address spaces:
Name               Size   Autos  Total    Cost      Usage
BITCOMRAM           5F      0       0       0        0.0%
EEDATA             100      0       0       0        0.0%
NULL                 0      0       0       0        0.0%
CODE                 0      0       0       0        0.0%
COMRAM              5F      0       0       1        0.0%
STACK                0      0       0       2        0.0%
DATA                 0      0       0       3        0.0%
BITBANK0            A0      0       0       4        0.0%
BANK0               A0      0       0       5        0.0%
BITBANK1           100      0       0       6        0.0%
BANK1              100      0       0       7        0.0%
BITBANK2           100      0       0       8        0.0%
BANK2              100      0       0       9        0.0%
BITBANK3           100      0       0      10        0.0%
BANK3              100      0       0      11        0.0%
BITBANK4           100      0       0      12        0.0%
BANK4              100      0       0      13        0.0%
BITBANK5           100      0       0      14        0.0%
BANK5              100      0       0      15        0.0%
BITBIGSFRh          6C      0       0      16        0.0%
BITBIGSFRlh          8      0       0      17        0.0%
BITBIGSFRll         8A      0       0      18        0.0%
ABS                  0      0       0      19        0.0%
BIGRAM             5FF      0       0      20        0.0%
BIGSFR               0      0       0     200        0.0%
BITSFR_1             0      0       0     200        0.0%
SFR_1                0      0       0     200        0.0%
BITSFR               0      0       0     200        0.0%
SFR                  0      0       0     200        0.0%


Microchip Technology PIC18 Macro Assembler V2.45 build 20230818022343 
Symbol Table                                                                                   Tue Aug 27 15:09:28 2024

                                               l43 0608                                                l799 0608  
                                             _main 0608                                               start 0002  
                                     ___param_bank 0000                                              ?_main 0000  
                                  __initialization 0602                                       __end_of_main 060E  
                                           ??_main 0000                                      __activetblptr 0000  
                                           _TRISB1 7C99                                             _TRISB4 7C9C  
                                           isa$std 0001                                       __mediumconst 0000  
                                       __accesstop 0060                            __end_of__initialization 0602  
                                    ___rparam_used 0001                                     __pcstackCOMRAM 0000  
                                          __Hparam 0000                                            __Lparam 0000  
                                     __psmallconst 0600                                            __pcinit 0602  
                                          __ramtop 0600                                            __ptext0 0608  
                             end_of_initialization 0602                                start_initialization 0602  
                                      __smallconst 0600                                           _LATBbits 0F8A  
                                         __Hrparam 0000                                           __Lrparam 0000  
                                         isa$xinst 0000  
